{
  "stats": {
    "suites": 1,
    "tests": 1,
    "passes": 0,
    "pending": 0,
    "failures": 1,
    "start": "2024-11-19T10:27:19.690Z",
    "end": "2024-11-19T10:27:21.837Z",
    "duration": 2147,
    "testsRegistered": 2,
    "passPercent": 0,
    "pendingPercent": 0,
    "other": 0,
    "hasOther": false,
    "skipped": 1,
    "hasSkipped": true
  },
  "results": [
    {
      "uuid": "627b3c3b-d32d-4d60-b450-b26bebf77466",
      "title": "",
      "fullFile": "lesson20/tests.cy.js",
      "file": "lesson20/tests.cy.js",
      "beforeHooks": [],
      "afterHooks": [],
      "tests": [],
      "suites": [
        {
          "uuid": "bc9dc698-8e1e-4c8f-bdc3-c1b13645c461",
          "title": "Qauto login",
          "fullFile": "",
          "file": "",
          "beforeHooks": [],
          "afterHooks": [],
          "tests": [
            {
              "title": "Add a car",
              "fullTitle": "Qauto login Add a car",
              "timedOut": null,
              "duration": 2074,
              "state": "failed",
              "speed": null,
              "pass": false,
              "fail": true,
              "pending": false,
              "context": null,
              "code": "garagePageInstance.selectors.addCarButton().click();\ngaragePageInstance.addCar(\"Audi\", \"R8\", \"12\");\ngaragePageInstance.selectors.addCarConfirm().click();",
              "err": {
                "message": "CypressError: `cy.visit()` failed trying to load:\n\nhttps://qauto.forstudy.space/\n\nThe response we received from your web server was:\n\n  > 401: Unauthorized\n\nThis was considered a failure because the status code was not `2xx`.\n\nIf you do not want status codes to cause failures pass the option: `failOnStatusCode: false`\n\nBecause this error occurred during a `before each` hook we are skipping the remaining tests in the current suite: `Qauto login`",
                "estack": "CypressError: `cy.visit()` failed trying to load:\n\nhttps://qauto.forstudy.space/\n\nThe response we received from your web server was:\n\n  > 401: Unauthorized\n\nThis was considered a failure because the status code was not `2xx`.\n\nIf you do not want status codes to cause failures pass the option: `failOnStatusCode: false`\n\nBecause this error occurred during a `before each` hook we are skipping the remaining tests in the current suite: `Qauto login`\n    at <unknown> (https://qauto.forstudy.space/__cypress/runner/cypress_runner.js:131434:76)\n    at visitFailedByErr (https://qauto.forstudy.space/__cypress/runner/cypress_runner.js:130849:12)\n    at <unknown> (https://qauto.forstudy.space/__cypress/runner/cypress_runner.js:131417:13)\n    at tryCatcher (https://qauto.forstudy.space/__cypress/runner/cypress_runner.js:1807:23)\n    at Promise._settlePromiseFromHandler (https://qauto.forstudy.space/__cypress/runner/cypress_runner.js:1519:31)\n    at Promise._settlePromise (https://qauto.forstudy.space/__cypress/runner/cypress_runner.js:1576:18)\n    at Promise._settlePromise0 (https://qauto.forstudy.space/__cypress/runner/cypress_runner.js:1621:10)\n    at Promise._settlePromises (https://qauto.forstudy.space/__cypress/runner/cypress_runner.js:1697:18)\n    at _drainQueueStep (https://qauto.forstudy.space/__cypress/runner/cypress_runner.js:2407:12)\n    at _drainQueue (https://qauto.forstudy.space/__cypress/runner/cypress_runner.js:2400:9)\n    at Async._drainQueues (https://qauto.forstudy.space/__cypress/runner/cypress_runner.js:2416:5)\n    at Async.drainQueues (https://qauto.forstudy.space/__cypress/runner/cypress_runner.js:2286:14)\nFrom Your Spec Code:\n    at Context.eval (webpack://aqa-advanced/./lesson20/tests.cy.js:22:7)",
                "diff": null
              },
              "uuid": "7e5103a1-551e-49d1-8728-c6ebc38f9920",
              "parentUUID": "bc9dc698-8e1e-4c8f-bdc3-c1b13645c461",
              "isHook": false,
              "skipped": false
            },
            {
              "title": "Add expenses",
              "fullTitle": "Qauto login Add expenses",
              "timedOut": null,
              "duration": 0,
              "state": "skipped",
              "speed": null,
              "pass": false,
              "fail": false,
              "pending": false,
              "context": null,
              "code": "expensesPage.selectors.optionMenu().click();\nexpensesPage.addExpense();\nexpensesPage.selectors.addLiters();\nexpensesPage.selectors.addCost();\n// expensesPage.selectors.addData();",
              "err": {},
              "uuid": "b1c7c025-eea3-4215-8c73-3a20eb1b3b27",
              "parentUUID": "bc9dc698-8e1e-4c8f-bdc3-c1b13645c461",
              "isHook": false,
              "skipped": true
            }
          ],
          "suites": [],
          "passes": [],
          "failures": [
            "7e5103a1-551e-49d1-8728-c6ebc38f9920"
          ],
          "pending": [],
          "skipped": [
            "b1c7c025-eea3-4215-8c73-3a20eb1b3b27"
          ],
          "duration": 2074,
          "root": false,
          "rootEmpty": false,
          "_timeout": 2000
        }
      ],
      "passes": [],
      "failures": [],
      "pending": [],
      "skipped": [],
      "duration": 0,
      "root": true,
      "rootEmpty": true,
      "_timeout": 2000
    }
  ],
  "meta": {
    "mocha": {
      "version": "7.0.1"
    },
    "mochawesome": {
      "options": {
        "quiet": false,
        "reportFilename": "mochawesome",
        "saveHtml": false,
        "saveJson": true,
        "consoleReporter": "spec",
        "useInlineDiffs": false,
        "code": true
      },
      "version": "7.1.3"
    },
    "marge": {
      "options": {
        "reportDir": "cypress/reports",
        "overwrite": false,
        "html": false,
        "json": true
      },
      "version": "6.2.0"
    }
  }
}